1668100328542	geckodriver	INFO	Listening on 127.0.0.1:39839
1668100328615	mozrunner::runner	INFO	Running command: "/usr/bin/firefox" "--marionette" "--remote-debugging-port" "57169" "--remote-allow-hosts" "localhost" "-no-remote" "-profile" "/tmp/rust_mozprofileYCPuzj"

(firefox:47188): Gtk-WARNING **: 22:42:08.741: Theme parsing error: gtk.css:5822:26: '-shadow' is not a valid color name

(firefox:47188): Gtk-WARNING **: 22:42:08.741: Theme parsing error: gtk.css:5825:14: not a number

(firefox:47188): Gtk-WARNING **: 22:42:08.741: Theme parsing error: gtk.css:5826:13: not a number

(firefox:47188): Gtk-WARNING **: 22:42:08.741: Theme parsing error: gtk.css:5827:11: Expected a length

(firefox:47188): Gtk-WARNING **: 22:42:09.306: Theme parsing error: gtk.css:5822:26: '-shadow' is not a valid color name

(firefox:47188): Gtk-WARNING **: 22:42:09.306: Theme parsing error: gtk.css:5825:14: not a number

(firefox:47188): Gtk-WARNING **: 22:42:09.306: Theme parsing error: gtk.css:5826:13: not a number

(firefox:47188): Gtk-WARNING **: 22:42:09.306: Theme parsing error: gtk.css:5827:11: Expected a length

(firefox:47188): Gtk-WARNING **: 22:42:09.452: Theme parsing error: gtk.css:5822:26: '-shadow' is not a valid color name

(firefox:47188): Gtk-WARNING **: 22:42:09.452: Theme parsing error: gtk.css:5825:14: not a number

(firefox:47188): Gtk-WARNING **: 22:42:09.452: Theme parsing error: gtk.css:5826:13: not a number

(firefox:47188): Gtk-WARNING **: 22:42:09.453: Theme parsing error: gtk.css:5827:11: Expected a length

(firefox:47188): Gtk-WARNING **: 22:42:09.532: Theme parsing error: gtk.css:5822:26: '-shadow' is not a valid color name

(firefox:47188): Gtk-WARNING **: 22:42:09.532: Theme parsing error: gtk.css:5825:14: not a number

(firefox:47188): Gtk-WARNING **: 22:42:09.532: Theme parsing error: gtk.css:5826:13: not a number

(firefox:47188): Gtk-WARNING **: 22:42:09.532: Theme parsing error: gtk.css:5827:11: Expected a length
ATTENTION: default value of option mesa_glthread overridden by environment.
ATTENTION: default value of option mesa_glthread overridden by environment.
ATTENTION: default value of option mesa_glthread overridden by environment.
ATTENTION: default value of option mesa_glthread overridden by environment.
1668100329889	Marionette	INFO	Marionette enabled
1668100329896	Marionette	INFO	Listening on port 43065
Read port: 43065
WebDriver BiDi listening on ws://127.0.0.1:57169
1668100330114	RemoteAgent	WARN	TLS certificate errors will be ignored for this session
console.warn: SearchSettings: "get: No settings file exists, new profile?" (new NotFoundError("Could not open the file at /tmp/rust_mozprofileYCPuzj/search.json.mozlz4", (void 0)))
DevTools listening on ws://127.0.0.1:57169/devtools/browser/82b89677-b9b0-4142-a20d-a4170f288f2a
Exiting due to channel error.
Exiting due to channel error.
Exiting due to channel error.
Exiting due to channel error.
